<?xml version="1.0" encoding="UTF-8"?>
<!-- Generated by org.testng.reporters.JUnitXMLReporter -->
<testsuite ignored="0" hostname="LAPTOP-93CIBO5F" failures="0" tests="6" name="Default test" time="129.981" errors="0" timestamp="2025-01-11T11:41:31 IST">
  <testcase classname="actionsteps.Driver" name="TC_001_Run" time="0.261"/>
  <testcase classname="actionsteps.Driver" name="TC_002_Run" time="18.096"/>
  <testcase classname="actionsteps.Driver" name="TC_002_Run" time="12.855"/>
  <testcase classname="actionsteps.Driver" name="TC_003_Run" time="11.742"/>
  <testcase classname="actionsteps.Driver" name="TC_004_Run" time="63.02"/>
  <testcase classname="actionsteps.Driver" name="TC_005_Run" time="14.482"/>
</testsuite> <!-- Default test -->
