<?xml version="1.0" encoding="UTF-8"?>
<!-- Generated by org.testng.reporters.JUnitXMLReporter -->
<testsuite ignored="0" hostname="LAPTOP-93CIBO5F" failures="0" tests="5" name="Default test" time="45.635" errors="0" timestamp="2024-06-04T17:51:03 IST">
  <testcase classname="actionsteps.Driver" name="TC_001_Run" time="0.214"/>
  <testcase classname="actionsteps.Driver" name="TC_002_Run" time="6.562"/>
  <testcase classname="actionsteps.Driver" name="TC_002_Run" time="8.692"/>
  <testcase classname="actionsteps.Driver" name="TC_003_Run" time="11.11"/>
  <testcase classname="actionsteps.Driver" name="TC_004_Run" time="13.059"/>
</testsuite> <!-- Default test -->
