<?xml version="1.0" encoding="UTF-8"?>
<!-- Generated by org.testng.reporters.JUnitXMLReporter -->
<testsuite ignored="0" hostname="LAPTOP-93CIBO5F" failures="0" tests="5" name="EdgeTest" time="48.793" errors="0" timestamp="2024-06-04T18:19:30 IST">
  <testcase classname="actionsteps.Driver" name="TC_001_Run" time="0.401"/>
  <testcase classname="actionsteps.Driver" name="TC_002_Run" time="6.911"/>
  <testcase classname="actionsteps.Driver" name="TC_002_Run" time="9.945"/>
  <testcase classname="actionsteps.Driver" name="TC_003_Run" time="11.139"/>
  <testcase classname="actionsteps.Driver" name="TC_004_Run" time="12.605"/>
</testsuite> <!-- EdgeTest -->
