<?xml version="1.0" encoding="UTF-8"?>
<!-- Generated by org.testng.reporters.JUnitXMLReporter -->
<testsuite ignored="0" hostname="LAPTOP-93CIBO5F" failures="0" tests="6" name="EdgeTest" time="161.337" errors="0" timestamp="2025-01-07T19:45:12 IST">
  <testcase classname="actionsteps.Driver" name="TC_001_Run" time="0.251"/>
  <testcase classname="actionsteps.Driver" name="TC_002_Run" time="16.746"/>
  <testcase classname="actionsteps.Driver" name="TC_002_Run" time="8.172"/>
  <testcase classname="actionsteps.Driver" name="TC_002_Run" time="8.157"/>
  <testcase classname="actionsteps.Driver" name="TC_003_Run" time="11.149"/>
  <testcase classname="actionsteps.Driver" name="TC_004_Run" time="105.326"/>
</testsuite> <!-- EdgeTest -->
