<?xml version="1.0" encoding="UTF-8"?>
<testng-results ignored="0" total="6" passed="6" failed="0" skipped="0">
  <reporter-output>
    <line>
      <![CDATA[Info --> Config VBS File Read Successfully]]>
    </line>
    <line>
      <![CDATA[Info --> Before Test : All Folders Created And Logger]]>
    </line>
    <line>
      <![CDATA[Info --> Test Start : TC_001_Run]]>
    </line>
    <line>
      <![CDATA[Passed --> Input Jobs And Email Recipient Read Successfully]]>
    </line>
    <line>
      <![CDATA[Passed --> Test Success : TC_001_Run]]>
    </line>
    <line>
      <![CDATA[Info --> Test Start : TC_002_Run]]>
    </line>
    <line>
      <![CDATA[Passed --> Website nakridotcom launched successfully]]>
    </line>
    <line>
      <![CDATA[Info --> Job Search For : arts Pune]]>
    </line>
    <line>
      <![CDATA[Info --> Job Results For arts Pune]]>
    </line>
    <line>
      <![CDATA[Passed --> Test Success : TC_002_Run]]>
    </line>
    <line>
      <![CDATA[Info --> Test Start : TC_002_Run]]>
    </line>
    <line>
      <![CDATA[Passed --> Website nakridotcom launched successfully]]>
    </line>
    <line>
      <![CDATA[Info --> Job Search For : selenium testing Pune]]>
    </line>
    <line>
      <![CDATA[Info --> Job Results For selenium testing Pune]]>
    </line>
    <line>
      <![CDATA[Passed --> Test Success : TC_002_Run]]>
    </line>
    <line>
      <![CDATA[Info --> Test Start : TC_003_Run]]>
    </line>
    <line>
      <![CDATA[Passed --> Job Results Exported To Excel]]>
    </line>
    <line>
      <![CDATA[Info --> Summary Report Format Successfull]]>
    </line>
    <line>
      <![CDATA[Info --> Saving JobReportSummary by local date format]]>
    </line>
    <line>
      <![CDATA[Info --> Saved To E:\SeleniumProjects\NaukriApiMvn1\Automation\TestReport\JobSummaryReport_10-01-2025 15_38_32.xlsx]]>
    </line>
    <line>
      <![CDATA[Passed --> Test Success : TC_003_Run]]>
    </line>
    <line>
      <![CDATA[Info --> Test Start : TC_004_Run]]>
    </line>
    <line>
      <![CDATA[Passed --> Test Success : TC_004_Run]]>
    </line>
    <line>
      <![CDATA[Info --> Test Start : TC_005_Run]]>
    </line>
    <line>
      <![CDATA[Passed --> Email Sent Successfully]]>
    </line>
    <line>
      <![CDATA[Passed --> Test Success : TC_005_Run]]>
    </line>
    <line>
      <![CDATA[Info --> After Test : Driver Quit and Log Manager ShutDown]]>
    </line>
    <line>
      <![CDATA[Info --> Execution Ends 2025-01-10T15:41:12.528483100]]>
    </line>
    <line>
      <![CDATA[Info --> System Exit]]>
    </line>
  </reporter-output>
  <suite started-at="2025-01-10T15:38:32 IST" name="Suite" finished-at="2025-01-10T15:41:15 IST" duration-ms="162927">
    <groups>
      <group name="regression">
        <method signature="Driver.TC_001_Run()[pri:1, instance:actionsteps.Driver@192c3f1e]" name="TC_001_Run" class="actionsteps.Driver"/>
        <method signature="Driver.TC_002_Run(java.lang.String,java.lang.String)[pri:2, instance:actionsteps.Driver@192c3f1e]" name="TC_002_Run" class="actionsteps.Driver"/>
        <method signature="Driver.TC_003_Run()[pri:3, instance:actionsteps.Driver@192c3f1e]" name="TC_003_Run" class="actionsteps.Driver"/>
        <method signature="Driver.TC_004_Run()[pri:4, instance:actionsteps.Driver@192c3f1e]" name="TC_004_Run" class="actionsteps.Driver"/>
        <method signature="Driver.TC_005_Run()[pri:5, instance:actionsteps.Driver@192c3f1e]" name="TC_005_Run" class="actionsteps.Driver"/>
      </group> <!-- regression -->
      <group name="sanity">
        <method signature="Driver.TC_001_Run()[pri:1, instance:actionsteps.Driver@192c3f1e]" name="TC_001_Run" class="actionsteps.Driver"/>
        <method signature="Driver.TC_002_Run(java.lang.String,java.lang.String)[pri:2, instance:actionsteps.Driver@192c3f1e]" name="TC_002_Run" class="actionsteps.Driver"/>
        <method signature="Driver.TC_003_Run()[pri:3, instance:actionsteps.Driver@192c3f1e]" name="TC_003_Run" class="actionsteps.Driver"/>
        <method signature="Driver.TC_004_Run()[pri:4, instance:actionsteps.Driver@192c3f1e]" name="TC_004_Run" class="actionsteps.Driver"/>
        <method signature="Driver.TC_005_Run()[pri:5, instance:actionsteps.Driver@192c3f1e]" name="TC_005_Run" class="actionsteps.Driver"/>
      </group> <!-- sanity -->
    </groups>
    <test started-at="2025-01-10T15:38:32 IST" name="EdgeTest" finished-at="2025-01-10T15:41:15 IST" duration-ms="162927">
      <class name="actionsteps.Driver">
        <test-method is-config="true" signature="TestPreconditions(java.lang.String,java.lang.String)[pri:0, instance:actionsteps.Driver@192c3f1e]" started-at="2025-01-10T15:38:32 IST" name="TestPreconditions" finished-at="2025-01-10T15:38:37 IST" duration-ms="5082" status="PASS">
          <params>
            <param index="0">
              <value>
                <![CDATA[Windows]]>
              </value>
            </param>
            <param index="1">
              <value>
                <![CDATA[edge]]>
              </value>
            </param>
          </params>
          <reporter-output>
            <line>
              <![CDATA[Info --> Config VBS File Read Successfully]]>
            </line>
            <line>
              <![CDATA[Info --> Before Test : All Folders Created And Logger]]>
            </line>
          </reporter-output>
        </test-method> <!-- TestPreconditions -->
        <test-method signature="TC_001_Run()[pri:1, instance:actionsteps.Driver@192c3f1e]" started-at="2025-01-10T15:38:37 IST" name="TC_001_Run" finished-at="2025-01-10T15:38:38 IST" duration-ms="425" status="PASS">
          <reporter-output>
            <line>
              <![CDATA[Info --> Test Start : TC_001_Run]]>
            </line>
            <line>
              <![CDATA[Passed --> Input Jobs And Email Recipient Read Successfully]]>
            </line>
            <line>
              <![CDATA[Passed --> Test Success : TC_001_Run]]>
            </line>
          </reporter-output>
        </test-method> <!-- TC_001_Run -->
        <test-method signature="TC_002_Run(java.lang.String,java.lang.String)[pri:2, instance:actionsteps.Driver@192c3f1e]" started-at="2025-01-10T15:38:38 IST" name="TC_002_Run" data-provider="JobLocationDP" finished-at="2025-01-10T15:39:03 IST" depends-on-methods="actionsteps.Driver.TC_001_Run" duration-ms="25320" status="PASS">
          <params>
            <param index="0">
              <value>
                <![CDATA[arts]]>
              </value>
            </param>
            <param index="1">
              <value>
                <![CDATA[Pune]]>
              </value>
            </param>
          </params>
          <reporter-output>
            <line>
              <![CDATA[Info --> Test Start : TC_002_Run]]>
            </line>
            <line>
              <![CDATA[Passed --> Website nakridotcom launched successfully]]>
            </line>
            <line>
              <![CDATA[Info --> Job Search For : arts Pune]]>
            </line>
            <line>
              <![CDATA[Info --> Job Results For arts Pune]]>
            </line>
            <line>
              <![CDATA[Passed --> Test Success : TC_002_Run]]>
            </line>
          </reporter-output>
        </test-method> <!-- TC_002_Run -->
        <test-method signature="TC_002_Run(java.lang.String,java.lang.String)[pri:2, instance:actionsteps.Driver@192c3f1e]" started-at="2025-01-10T15:39:04 IST" name="TC_002_Run" data-provider="JobLocationDP" finished-at="2025-01-10T15:39:17 IST" depends-on-methods="actionsteps.Driver.TC_001_Run" duration-ms="13217" status="PASS">
          <params>
            <param index="0">
              <value>
                <![CDATA[selenium testing]]>
              </value>
            </param>
            <param index="1">
              <value>
                <![CDATA[Pune]]>
              </value>
            </param>
          </params>
          <reporter-output>
            <line>
              <![CDATA[Info --> Test Start : TC_002_Run]]>
            </line>
            <line>
              <![CDATA[Passed --> Website nakridotcom launched successfully]]>
            </line>
            <line>
              <![CDATA[Info --> Job Search For : selenium testing Pune]]>
            </line>
            <line>
              <![CDATA[Info --> Job Results For selenium testing Pune]]>
            </line>
            <line>
              <![CDATA[Passed --> Test Success : TC_002_Run]]>
            </line>
          </reporter-output>
        </test-method> <!-- TC_002_Run -->
        <test-method signature="TC_003_Run()[pri:3, instance:actionsteps.Driver@192c3f1e]" started-at="2025-01-10T15:39:17 IST" name="TC_003_Run" finished-at="2025-01-10T15:39:29 IST" depends-on-methods="actionsteps.Driver.TC_001_Run, actionsteps.Driver.TC_002_Run" duration-ms="11867" status="PASS">
          <reporter-output>
            <line>
              <![CDATA[Info --> Test Start : TC_003_Run]]>
            </line>
            <line>
              <![CDATA[Passed --> Job Results Exported To Excel]]>
            </line>
            <line>
              <![CDATA[Info --> Summary Report Format Successfull]]>
            </line>
            <line>
              <![CDATA[Info --> Saving JobReportSummary by local date format]]>
            </line>
            <line>
              <![CDATA[Info --> Saved To E:\SeleniumProjects\NaukriApiMvn1\Automation\TestReport\JobSummaryReport_10-01-2025 15_38_32.xlsx]]>
            </line>
            <line>
              <![CDATA[Passed --> Test Success : TC_003_Run]]>
            </line>
          </reporter-output>
        </test-method> <!-- TC_003_Run -->
        <test-method signature="TC_004_Run()[pri:4, instance:actionsteps.Driver@192c3f1e]" started-at="2025-01-10T15:39:29 IST" name="TC_004_Run" finished-at="2025-01-10T15:41:05 IST" depends-on-methods="actionsteps.Driver.TC_001_Run, actionsteps.Driver.TC_002_Run, actionsteps.Driver.TC_003_Run" duration-ms="95996" status="PASS">
          <reporter-output>
            <line>
              <![CDATA[Info --> Test Start : TC_004_Run]]>
            </line>
            <line>
              <![CDATA[Passed --> Test Success : TC_004_Run]]>
            </line>
          </reporter-output>
        </test-method> <!-- TC_004_Run -->
        <test-method signature="TC_005_Run()[pri:5, instance:actionsteps.Driver@192c3f1e]" started-at="2025-01-10T15:41:06 IST" name="TC_005_Run" finished-at="2025-01-10T15:41:12 IST" depends-on-methods="actionsteps.Driver.TC_001_Run, actionsteps.Driver.TC_002_Run, actionsteps.Driver.TC_003_Run" duration-ms="5994" status="PASS">
          <reporter-output>
            <line>
              <![CDATA[Info --> Test Start : TC_005_Run]]>
            </line>
            <line>
              <![CDATA[Passed --> Email Sent Successfully]]>
            </line>
            <line>
              <![CDATA[Passed --> Test Success : TC_005_Run]]>
            </line>
          </reporter-output>
        </test-method> <!-- TC_005_Run -->
        <test-method is-config="true" signature="TestPostConditions()[pri:0, instance:actionsteps.Driver@192c3f1e]" started-at="2025-01-10T15:41:12 IST" name="TestPostConditions" finished-at="2025-01-10T15:41:15 IST" duration-ms="3459" status="PASS">
          <reporter-output>
            <line>
              <![CDATA[Info --> After Test : Driver Quit and Log Manager ShutDown]]>
            </line>
            <line>
              <![CDATA[Info --> Execution Ends 2025-01-10T15:41:12.528483100]]>
            </line>
            <line>
              <![CDATA[Info --> System Exit]]>
            </line>
          </reporter-output>
        </test-method> <!-- TestPostConditions -->
      </class> <!-- actionsteps.Driver -->
    </test> <!-- EdgeTest -->
  </suite> <!-- Suite -->
</testng-results>
