<?xml version="1.0" encoding="UTF-8"?>
<testsuite xmlns:xsi="http://www.w3.org/2001/XMLSchema-instance" xsi:noNamespaceSchemaLocation="https://maven.apache.org/surefire/maven-surefire-plugin/xsd/surefire-test-report-3.0.xsd" version="3.0" name="TestSuite" time="163.827" tests="6" errors="0" skipped="0" failures="0">
  <properties>
[...]
</properties>
  <testcase name="TC_001_Run" classname="actionsteps.Driver" time="0.58">
    <system-out><![CDATA[browser = chrome
GMailFrom = kdatar57@gmail.com
GmailId = kdatar57
GmailIdPwd = gsif usxa bxns gczq
DBUserName = SYSTEM
DBPassword = Oracle_11g
Info --> Config VBS File Read Successfully
Info --> Before Test : All Folders Created And Logger
Info --> Test Start : TC_001_Run
Passed --> Input Jobs And Email Recipient Read Successfully
Passed --> Test Success : TC_001_Run
]]></system-out>
    <system-err><![CDATA[SLF4J: Failed to load class "org.slf4j.impl.StaticLoggerBinder".
SLF4J: Defaulting to no-operation (NOP) logger implementation
SLF4J: See http://www.slf4j.org/codes.html#StaticLoggerBinder for further details.
ERROR StatusLogger Log4j2 could not find a logging implementation. Please add log4j-core to the classpath. Using SimpleLogger to log to the console...
Jan 10, 2025 3:38:37 PM org.openqa.selenium.devtools.CdpVersionFinder findNearestMatch
WARNING: Unable to find CDP implementation matching 131
Jan 10, 2025 3:38:37 PM org.openqa.selenium.chromium.ChromiumDriver lambda$new$5
WARNING: Unable to find version of CDP to use for 131.0.2903.112. You may need to include a dependency on a specific version of the CDP using something similar to `org.seleniumhq.selenium:selenium-devtools-v86:4.20.0` where the version ("v86") matches the version of the chromium-based browser you're using and the version number of the artifact is the same as Selenium's.
]]></system-err>
  </testcase>
  <testcase name="TC_002_Run[arts, Pune](1)" classname="actionsteps.Driver" time="25.57">
    <system-out><![CDATA[Info --> Test Start : TC_002_Run
Passed --> Website nakridotcom launched successfully
Info --> Job Search For : arts Pune
Info --> Job Results For arts Pune
Passed --> Test Success : TC_002_Run
]]></system-out>
  </testcase>
  <testcase name="TC_002_Run[selenium testing, Pune](2)" classname="actionsteps.Driver" time="13.489">
    <system-out><![CDATA[Info --> Test Start : TC_002_Run
Passed --> Website nakridotcom launched successfully
Info --> Job Search For : selenium testing Pune
Info --> Job Results For selenium testing Pune
Passed --> Test Success : TC_002_Run
]]></system-out>
  </testcase>
  <testcase name="TC_003_Run" classname="actionsteps.Driver" time="12.095">
    <system-out><![CDATA[Info --> Test Start : TC_003_Run
Passed --> Job Results Exported To Excel
Info --> Summary Report Format Successfull
Info --> Saving JobReportSummary by local date format
Info --> Saved To E:\SeleniumProjects\NaukriApiMvn1\Automation\TestReport\JobSummaryReport_10-01-2025 15_38_32.xlsx
Passed --> Test Success : TC_003_Run
]]></system-out>
  </testcase>
  <testcase name="TC_004_Run" classname="actionsteps.Driver" time="96.291">
    <system-out><![CDATA[Info --> Test Start : TC_004_Run
HTTP/1.1 201 Created
X-Powered-By: Express
Vary: Origin, X-HTTP-Method-Override, Accept-Encoding
Access-Control-Allow-Credentials: true
Cache-Control: no-cache
Pragma: no-cache
Expires: -1
Access-Control-Expose-Headers: Location
Location: http://localhost:3000/jobs/1
X-Content-Type-Options: nosniff
Content-Type: application/json; charset=utf-8
Content-Length: 408
ETag: W/"198-58SAVeh/QY8jtbOCxu5N/lXjWKQ"
Date: Fri, 10 Jan 2025 10:09:44 GMT
Connection: keep-alive
Keep-Alive: timeout=5

{
    "Skill Expected": "Art,Diploma In Fine Arts,Drawing,Craft,MFA,Fine Arts,BFA,communication skills",
    "Company Name": "VIBGYOR Group of Schools",
    "Salary": "Not disclosed",
    "Experience": "2-7 Yrs",
    "Job Title": "Art & Craft Teacher-Chinchwad",
    "Expectation": "Classroom arrangement should be appropriate to lesson plan goalsRoles and Responsibilit...",
    "Location": "Pune(Chinchwad)",
    "id": 1
}
HTTP/1.1 201 Created
X-Powered-By: Express
Vary: Origin, X-HTTP-Method-Override, Accept-Encoding
Access-Control-Allow-Credentials: true
Cache-Control: no-cache
Pragma: no-cache
Expires: -1
Access-Control-Expose-Headers: Location
Location: http://localhost:3000/jobs/2
X-Content-Type-Options: nosniff
Content-Type: application/json; charset=utf-8
Content-Length: 469
ETag: W/"1d5-82yq3hSJ7u8fCmpj2DrS3CltrxA"
Date: Fri, 10 Jan 2025 10:09:46 GMT
Connection: keep-alive
Keep-Alive: timeout=5

{
    "Skill Expected": "Digital media,Head Business Development,Usage,Team management,Time management,IT skills,Atl,Management",
    "Company Name": "VIBGYOR Group of Schools",
    "Salary": "Not disclosed",
    "Experience": "3-5 Yrs",
    "Job Title": "Teacher in Visual Art Teacher",
    "Expectation": "I. Plan, Develop and Implement: Design, deliver and evaluate lessons which ...",
    "Location": "Pune, Kolkata, Mumbai, New Delhi, Hyderabad, Chennai, Bengaluru",
    "id": 2
}
HTTP/1.1 201 Created
X-Powered-By: Express
Vary: Origin, X-HTTP-Method-Override, Accept-Encoding
Access-Control-Allow-Credentials: true
Cache-Control: no-cache
Pragma: no-cache
Expires: -1
Access-Control-Expose-Headers: Location
Location: http://localhost:3000/jobs/3
X-Content-Type-Options: nosniff
Content-Type: application/json; charset=utf-8
Content-Length: 399
ETag: W/"18f-IqVG8ps2HrUCzuv9A2UQ7/ed/WM"
Date: Fri, 10 Jan 2025 10:09:48 GMT
Connection: keep-alive
Keep-Alive: timeout=5

{
    "Skill Expected": "Training,Career counselling,Quality improvement,handicrafts,Agile,Mentor,Management,Fine arts",
    "Company Name": "VIBGYOR Group of Schools",
    "Salary": "Not disclosed",
    "Experience": "2-7 Yrs",
    "Job Title": "Art & Craft Teacher",
    "Expectation": "Qualification: Preferred Bachelor in Fine Arts (BFA) and Master in Fine Arts (MFA) ...",
    "Location": "Pune",
    "id": 3
}
HTTP/1.1 201 Created
X-Powered-By: Express
Vary: Origin, X-HTTP-Method-Override, Accept-Encoding
Access-Control-Allow-Credentials: true
Cache-Control: no-cache
Pragma: no-cache
Expires: -1
Access-Control-Expose-Headers: Location
Location: http://localhost:3000/jobs/4
X-Content-Type-Options: nosniff
Content-Type: application/json; charset=utf-8
Content-Length: 328
ETag: W/"148-qhFT8WzeSpREQrbtVFsh6rYqD6Q"
Date: Fri, 10 Jan 2025 10:09:50 GMT
Connection: keep-alive
Keep-Alive: timeout=5

{
    "Skill Expected": "Art Director,Art,Direct",
    "Company Name": "VIBGYOR Group of Schools",
    "Salary": "Not disclosed",
    "Experience": "4-7 Yrs",
    "Job Title": "Art Director",
    "Expectation": "Art Director 4-7 Years Experience",
    "Location": "Pune, Kolkata, Mumbai, New Delhi, Hyderabad, Chennai, Bengaluru",
    "id": 4
}
HTTP/1.1 201 Created
X-Powered-By: Express
Vary: Origin, X-HTTP-Method-Override, Accept-Encoding
Access-Control-Allow-Credentials: true
Cache-Control: no-cache
Pragma: no-cache
Expires: -1
Access-Control-Expose-Headers: Location
Location: http://localhost:3000/jobs/5
X-Content-Type-Options: nosniff
Content-Type: application/json; charset=utf-8
Content-Length: 452
ETag: W/"1c4-qRFYDlYLhmNhKT/kmTo39LABDXk"
Date: Fri, 10 Jan 2025 10:09:52 GMT
Connection: keep-alive
Keep-Alive: timeout=5

{
    "Skill Expected": "art,adobe after effects,branding,video editing,photoshop,aftereffects,motion graphics,banners",
    "Company Name": "VIBGYOR Group of Schools",
    "Salary": "Not disclosed",
    "Experience": "1-5 Yrs",
    "Job Title": "Art Director",
    "Expectation": "Establish and document visual expectations for the project across all art discipline...",
    "Location": "Pune, Kolkata, Mumbai, New Delhi, Hyderabad, Chennai, Bengaluru",
    "id": 5
}
HTTP/1.1 201 Created
X-Powered-By: Express
Vary: Origin, X-HTTP-Method-Override, Accept-Encoding
Access-Control-Allow-Credentials: true
Cache-Control: no-cache
Pragma: no-cache
Expires: -1
Access-Control-Expose-Headers: Location
Location: http://localhost:3000/jobs/6
X-Content-Type-Options: nosniff
Content-Type: application/json; charset=utf-8
Content-Length: 468
ETag: W/"1d4-ioFmfYPAjeIVbxnCFQNIDoPhTXI"
Date: Fri, 10 Jan 2025 10:09:54 GMT
Connection: keep-alive
Keep-Alive: timeout=5

{
    "Skill Expected": "Graphics,Layout design,Web technologies,Illustrator,Marketing collaterals,Client interaction,Creative Director,Photoshop",
    "Company Name": "VIBGYOR Group of Schools",
    "Salary": "Not disclosed",
    "Experience": "5-10 Yrs",
    "Job Title": "Art Director",
    "Expectation": "We are looking for a creative Art Director who enjoys working in a fast-...",
    "Location": "Pune, Kolkata, Mumbai, New Delhi, Hyderabad, Chennai, Bengaluru",
    "id": 6
}
HTTP/1.1 201 Created
X-Powered-By: Express
Vary: Origin, X-HTTP-Method-Override, Accept-Encoding
Access-Control-Allow-Credentials: true
Cache-Control: no-cache
Pragma: no-cache
Expires: -1
Access-Control-Expose-Headers: Location
Location: http://localhost:3000/jobs/7
X-Content-Type-Options: nosniff
Content-Type: application/json; charset=utf-8
Content-Length: 428
ETag: W/"1ac-lupJCLErYBBLfdBSwbtWlkSNaj0"
Date: Fri, 10 Jan 2025 10:09:56 GMT
Connection: keep-alive
Keep-Alive: timeout=5

{
    "Skill Expected": "advertising agency,Interpersonal skills,Illustrator,digital campaigns,Packaging,Photoshop,User experience design,Print media",
    "Company Name": "VIBGYOR Group of Schools",
    "Salary": "Not disclosed",
    "Experience": "8-10 Yrs",
    "Job Title": "Art Director",
    "Expectation": ". A fine arts degree (preferred) or an undergraduate degree in graphic design, visual c...",
    "Location": "Pune",
    "id": 7
}
HTTP/1.1 201 Created
X-Powered-By: Express
Vary: Origin, X-HTTP-Method-Override, Accept-Encoding
Access-Control-Allow-Credentials: true
Cache-Control: no-cache
Pragma: no-cache
Expires: -1
Access-Control-Expose-Headers: Location
Location: http://localhost:3000/jobs/8
X-Content-Type-Options: nosniff
Content-Type: application/json; charset=utf-8
Content-Length: 458
ETag: W/"1ca-/fk0FkGYlj6Isz9VuDdYFSsd5E8"
Date: Fri, 10 Jan 2025 10:09:58 GMT
Connection: keep-alive
Keep-Alive: timeout=5

{
    "Skill Expected": "Communication Skills,Artificial Intelligence,Chatbot,Humanities,Contracts,Art,Fine arts,Intelligence",
    "Company Name": "VIBGYOR Group of Schools",
    "Salary": "3-4.5 Lacs PA",
    "Experience": "1-3 Yrs",
    "Job Title": "Prompt Engineer (Fine Arts and Humanities Background) - ON Contract",
    "Expectation": "***ON CONTRACT ROLE***Please fill the below google form to proceed further:https://form...",
    "Location": "Pune",
    "id": 8
}
HTTP/1.1 201 Created
X-Powered-By: Express
Vary: Origin, X-HTTP-Method-Override, Accept-Encoding
Access-Control-Allow-Credentials: true
Cache-Control: no-cache
Pragma: no-cache
Expires: -1
Access-Control-Expose-Headers: Location
Location: http://localhost:3000/jobs/9
X-Content-Type-Options: nosniff
Content-Type: application/json; charset=utf-8
Content-Length: 471
ETag: W/"1d7-nyj5mR/WUaI9+rZClx6ICC8sFIU"
Date: Fri, 10 Jan 2025 10:10:01 GMT
Connection: keep-alive
Keep-Alive: timeout=5

{
    "Skill Expected": "architectural design,fine arts,interior designing,classroom management,quality control,teaching,photoshop,client retention",
    "Company Name": "VIBGYOR Group of Schools",
    "Salary": "Not disclosed",
    "Experience": "1-6 Yrs",
    "Job Title": "Visual Arts Teacher",
    "Expectation": "We invite applications from creative, enthusiastic and experienced Teachers of Science ...",
    "Location": "Pune, Mumbai, Hyderabad, Chennai, Bengaluru",
    "id": 9
}
HTTP/1.1 201 Created
X-Powered-By: Express
Vary: Origin, X-HTTP-Method-Override, Accept-Encoding
Access-Control-Allow-Credentials: true
Cache-Control: no-cache
Pragma: no-cache
Expires: -1
Access-Control-Expose-Headers: Location
Location: http://localhost:3000/jobs/10
X-Content-Type-Options: nosniff
Content-Type: application/json; charset=utf-8
Content-Length: 449
ETag: W/"1c1-4pwF5phXJOFtpQhpI7ueMM8ZUus"
Date: Fri, 10 Jan 2025 10:10:03 GMT
Connection: keep-alive
Keep-Alive: timeout=5

{
    "Skill Expected": "Graphic designing,Manager Quality Assurance,Illustrator,adobe creative suite,Art Director,Project management,Concept development,Team development",
    "Company Name": "VIBGYOR Group of Schools",
    "Salary": "Not disclosed",
    "Experience": "4-8 Yrs",
    "Job Title": "Art Director",
    "Expectation": "Experience in a digital marketing agency is preferred. Experience: . 6+ years of experi...",
    "Location": "Pune",
    "id": 10
}
HTTP/1.1 201 Created
X-Powered-By: Express
Vary: Origin, X-HTTP-Method-Override, Accept-Encoding
Access-Control-Allow-Credentials: true
Cache-Control: no-cache
Pragma: no-cache
Expires: -1
Access-Control-Expose-Headers: Location
Location: http://localhost:3000/jobs/11
X-Content-Type-Options: nosniff
Content-Type: application/json; charset=utf-8
Content-Length: 373
ETag: W/"175-To6pmfUY9oXbGgLo6+Tx7PInhCA"
Date: Fri, 10 Jan 2025 10:10:05 GMT
Connection: keep-alive
Keep-Alive: timeout=5

{
    "Skill Expected": "dtp,art,brochure design,presentation skills,posters,client servicing,photoshop,graphics",
    "Company Name": "VIBGYOR Group of Schools",
    "Salary": "Not disclosed",
    "Experience": "6-11 Yrs",
    "Job Title": "Art Director",
    "Expectation": "Graduate degree from a design school with extra graphic certification .",
    "Location": "Pune",
    "id": 11
}
HTTP/1.1 201 Created
X-Powered-By: Express
Vary: Origin, X-HTTP-Method-Override, Accept-Encoding
Access-Control-Allow-Credentials: true
Cache-Control: no-cache
Pragma: no-cache
Expires: -1
Access-Control-Expose-Headers: Location
Location: http://localhost:3000/jobs/12
X-Content-Type-Options: nosniff
Content-Type: application/json; charset=utf-8
Content-Length: 306
ETag: W/"132-wzoBcKDB28eYODJVBK5vDvMB0fU"
Date: Fri, 10 Jan 2025 10:10:07 GMT
Connection: keep-alive
Keep-Alive: timeout=5

{
    "Skill Expected": "Junior Art Director,Focus,Workflow,Management,Direct,Art",
    "Company Name": "VIBGYOR Group of Schools",
    "Salary": "Not disclosed",
    "Experience": "3-7 Yrs",
    "Job Title": "Junior Art Director",
    "Expectation": "Minimum 3 years of experience",
    "Location": "Pune",
    "id": 12
}
HTTP/1.1 201 Created
X-Powered-By: Express
Vary: Origin, X-HTTP-Method-Override, Accept-Encoding
Access-Control-Allow-Credentials: true
Cache-Control: no-cache
Pragma: no-cache
Expires: -1
Access-Control-Expose-Headers: Location
Location: http://localhost:3000/jobs/13
X-Content-Type-Options: nosniff
Content-Type: application/json; charset=utf-8
Content-Length: 389
ETag: W/"185-kWR73ruJIs6Jp0wqpDalm0G13+g"
Date: Fri, 10 Jan 2025 10:10:09 GMT
Connection: keep-alive
Keep-Alive: timeout=5

{
    "Skill Expected": "Graphics,Illustrator,Illustration,Art Director,Texturing,Corel Draw,Photoshop,Gaming",
    "Company Name": "VIBGYOR Group of Schools",
    "Salary": "Not disclosed",
    "Experience": "5-10 Yrs",
    "Job Title": "Art Director",
    "Expectation": "Candidate must have good knowledge of 2d animation and character design in Flash softwa...",
    "Location": "Pune",
    "id": 13
}
HTTP/1.1 201 Created
X-Powered-By: Express
Vary: Origin, X-HTTP-Method-Override, Accept-Encoding
Access-Control-Allow-Credentials: true
Cache-Control: no-cache
Pragma: no-cache
Expires: -1
Access-Control-Expose-Headers: Location
Location: http://localhost:3000/jobs/14
X-Content-Type-Options: nosniff
Content-Type: application/json; charset=utf-8
Content-Length: 430
ETag: W/"1ae-abx6IYmrmp3ZOKGjEOSIqFlM6FY"
Date: Fri, 10 Jan 2025 10:10:11 GMT
Connection: keep-alive
Keep-Alive: timeout=5

{
    "Skill Expected": "Basic,Career counselling,Interpersonal skills,Time management,Psychology,Training and Development,MS Office,Supervision",
    "Company Name": "VIBGYOR Group of Schools",
    "Salary": "Not disclosed",
    "Experience": "3-6 Yrs",
    "Job Title": "PGT Commercial Arts",
    "Expectation": ". Qualification : Master s Degree in Psychology with BEd / MEd and IC3 certification in...",
    "Location": "Pune",
    "id": 14
}
HTTP/1.1 201 Created
X-Powered-By: Express
Vary: Origin, X-HTTP-Method-Override, Accept-Encoding
Access-Control-Allow-Credentials: true
Cache-Control: no-cache
Pragma: no-cache
Expires: -1
Access-Control-Expose-Headers: Location
Location: http://localhost:3000/jobs/15
X-Content-Type-Options: nosniff
Content-Type: application/json; charset=utf-8
Content-Length: 389
ETag: W/"185-lYkVB5TJy19QoF/iNg4symvNqN0"
Date: Fri, 10 Jan 2025 10:10:13 GMT
Connection: keep-alive
Keep-Alive: timeout=5

{
    "Skill Expected": "3D,Communication Skills,Composition,Vfx,Game Art,Photoshop,Mobile Game,Composing",
    "Company Name": "VIBGYOR Group of Schools",
    "Salary": "Not disclosed",
    "Experience": "5-10 Yrs",
    "Job Title": "Three D Art Lead",
    "Expectation": "Active Employee Resource Groups Women at ZapakBachelor s degree or College Diploma in A...",
    "Location": "Pune",
    "id": 15
}
HTTP/1.1 201 Created
X-Powered-By: Express
Vary: Origin, X-HTTP-Method-Override, Accept-Encoding
Access-Control-Allow-Credentials: true
Cache-Control: no-cache
Pragma: no-cache
Expires: -1
Access-Control-Expose-Headers: Location
Location: http://localhost:3000/jobs/16
X-Content-Type-Options: nosniff
Content-Type: application/json; charset=utf-8
Content-Length: 427
ETag: W/"1ab-HaCVnC62PRi65WBhmp3HKT6wLag"
Date: Fri, 10 Jan 2025 10:10:15 GMT
Connection: keep-alive
Keep-Alive: timeout=5

{
    "Skill Expected": "Graphics,B2B Marketing,Training,advertising agency,communication design,Publishing,Creative direction,Lead",
    "Company Name": "VIBGYOR Group of Schools",
    "Salary": "Not disclosed",
    "Experience": "10-12 Yrs",
    "Job Title": "Senior Lead - Art Direction",
    "Expectation": "Collaborate with design team for timely and good quality delivery of projects, delegati...",
    "Location": "Pune",
    "id": 16
}
HTTP/1.1 201 Created
X-Powered-By: Express
Vary: Origin, X-HTTP-Method-Override, Accept-Encoding
Access-Control-Allow-Credentials: true
Cache-Control: no-cache
Pragma: no-cache
Expires: -1
Access-Control-Expose-Headers: Location
Location: http://localhost:3000/jobs/17
X-Content-Type-Options: nosniff
Content-Type: application/json; charset=utf-8
Content-Length: 395
ETag: W/"18b-nXvNFAZJi1mo8R1BXmUQOz8nj9I"
Date: Fri, 10 Jan 2025 10:10:17 GMT
Connection: keep-alive
Keep-Alive: timeout=5

{
    "Skill Expected": "pre primary,montessori,teaching english,dancing,art,mathematics,day care,teaching",
    "Company Name": "VIBGYOR Group of Schools",
    "Salary": "Not disclosed",
    "Experience": "0-5 Yrs",
    "Job Title": "Pre - Primary Teachers",
    "Expectation": "The ideal candidate should have a strong understanding of the subject matter they are t...",
    "Location": "Pune",
    "id": 17
}
HTTP/1.1 201 Created
X-Powered-By: Express
Vary: Origin, X-HTTP-Method-Override, Accept-Encoding
Access-Control-Allow-Credentials: true
Cache-Control: no-cache
Pragma: no-cache
Expires: -1
Access-Control-Expose-Headers: Location
Location: http://localhost:3000/jobs/18
X-Content-Type-Options: nosniff
Content-Type: application/json; charset=utf-8
Content-Length: 460
ETag: W/"1cc-Ot68jc+JTN+abSD3aDy+VvIeq9w"
Date: Fri, 10 Jan 2025 10:10:19 GMT
Connection: keep-alive
Keep-Alive: timeout=5

{
    "Skill Expected": "Training,Analytical skills,Housing loan,Sales,Billing,Relationship,SMS,Housing finance",
    "Company Name": "VIBGYOR Group of Schools",
    "Salary": "Not disclosed",
    "Experience": "0-3 Yrs",
    "Job Title": "Technical Manager",
    "Expectation": "Overseeing the development, implementation, and maintenance of technical systems, appli...",
    "Location": "Pune, Shegaon, Mumbai, Mumbai Suburban, Navi Mumbai, Goregaon, Mulshi",
    "id": 18
}
HTTP/1.1 201 Created
X-Powered-By: Express
Vary: Origin, X-HTTP-Method-Override, Accept-Encoding
Access-Control-Allow-Credentials: true
Cache-Control: no-cache
Pragma: no-cache
Expires: -1
Access-Control-Expose-Headers: Location
Location: http://localhost:3000/jobs/19
X-Content-Type-Options: nosniff
Content-Type: application/json; charset=utf-8
Content-Length: 457
ETag: W/"1c9-lHeDVDMJkuIWGAwfROocmu8u3/U"
Date: Fri, 10 Jan 2025 10:10:22 GMT
Connection: keep-alive
Keep-Alive: timeout=5

{
    "Skill Expected": "Communication Skills,Content Creation,Canva,Accounts Handling,Social Media,Videography,Account Management,Digital Marketing",
    "Company Name": "VIBGYOR Group of Schools",
    "Salary": "50,000-1 Lacs PA",
    "Experience": "0-1 Yrs",
    "Job Title": "Social Media Assistant",
    "Expectation": "Strong creativity, social media expertise, and analytical mindset|Create and manage eng...",
    "Location": "Pune(Pune Station +4)",
    "id": 19
}
HTTP/1.1 201 Created
X-Powered-By: Express
Vary: Origin, X-HTTP-Method-Override, Accept-Encoding
Access-Control-Allow-Credentials: true
Cache-Control: no-cache
Pragma: no-cache
Expires: -1
Access-Control-Expose-Headers: Location
Location: http://localhost:3000/jobs/20
X-Content-Type-Options: nosniff
Content-Type: application/json; charset=utf-8
Content-Length: 412
ETag: W/"19c-gwmiGXjqyya+8+wjJEFPfK+I2T4"
Date: Fri, 10 Jan 2025 10:10:24 GMT
Connection: keep-alive
Keep-Alive: timeout=5

{
    "Skill Expected": "Design engineering,Manager Quality Assurance,Project management,Maya,Mentor,Management,Photoshop,Troubleshooting",
    "Company Name": "VIBGYOR Group of Schools",
    "Salary": "Not disclosed",
    "Experience": "2-5 Yrs",
    "Job Title": "ART LEAD",
    "Expectation": "Leadership : Demonstrated experience in leading and managing a team of artists, with st...",
    "Location": "Pune",
    "id": 20
}
HTTP/1.1 201 Created
X-Powered-By: Express
Vary: Origin, X-HTTP-Method-Override, Accept-Encoding
Access-Control-Allow-Credentials: true
Cache-Control: no-cache
Pragma: no-cache
Expires: -1
Access-Control-Expose-Headers: Location
Location: http://localhost:3000/jobs/21
X-Content-Type-Options: nosniff
Content-Type: application/json; charset=utf-8
Content-Length: 430
ETag: W/"1ae-YDEqIwnoGL3giuOED8daOqg1TtU"
Date: Fri, 10 Jan 2025 10:10:26 GMT
Connection: keep-alive
Keep-Alive: timeout=5

{
    "Skill Expected": "mobile automation testing,selenium,mobile testing,sdlc,agile methodology,selenium testing,automation testing,maven",
    "Company Name": "Infosys",
    "Salary": "Not disclosed",
    "Experience": "3-5 Yrs",
    "Job Title": "Java Selenium Automation Testing Engineer",
    "Expectation": "MCA, MSc, MTech, BCA, BSc, Bachelor Of Technology, Bachelor of Engineering . Service Li...",
    "Location": "Pune",
    "id": 21
}
HTTP/1.1 201 Created
X-Powered-By: Express
Vary: Origin, X-HTTP-Method-Override, Accept-Encoding
Access-Control-Allow-Credentials: true
Cache-Control: no-cache
Pragma: no-cache
Expires: -1
Access-Control-Expose-Headers: Location
Location: http://localhost:3000/jobs/22
X-Content-Type-Options: nosniff
Content-Type: application/json; charset=utf-8
Content-Length: 332
ETag: W/"14c-W+tYmTjYo8dpaseJzVzfoMAKCsI"
Date: Fri, 10 Jan 2025 10:10:28 GMT
Connection: keep-alive
Keep-Alive: timeout=5

{
    "Skill Expected": "automated testing exp with one or more of the following test automation tools: Appium, ...",
    "Company Name": " Pune (Selenium with C# is must)",
    "Salary": "4-9 Yrs",
    "Experience": "Infosys",
    "Job Title": "Automation Test Engineer ",
    "Expectation": "Pune",
    "Location": "Not disclosed",
    "id": 22
}
HTTP/1.1 201 Created
X-Powered-By: Express
Vary: Origin, X-HTTP-Method-Override, Accept-Encoding
Access-Control-Allow-Credentials: true
Cache-Control: no-cache
Pragma: no-cache
Expires: -1
Access-Control-Expose-Headers: Location
Location: http://localhost:3000/jobs/23
X-Content-Type-Options: nosniff
Content-Type: application/json; charset=utf-8
Content-Length: 422
ETag: W/"1a6-DmpxsHExo8Z0mDcGhCdC49ufk98"
Date: Fri, 10 Jan 2025 10:10:30 GMT
Connection: keep-alive
Keep-Alive: timeout=5

{
    "Skill Expected": "Python Testing,Testing Frameworks,Selenium Automation,Java Selenium,Framework,Selenium,Automation testing,Automation",
    "Company Name": "Infosys",
    "Salary": "5-8 Lacs PA",
    "Experience": "3-5 Yrs",
    "Job Title": "Selenium Automation Test Engineer",
    "Expectation": "Preferred candidate profile . Education: graduation completed or BCA or BEExperience an...",
    "Location": "Pune",
    "id": 23
}
HTTP/1.1 201 Created
X-Powered-By: Express
Vary: Origin, X-HTTP-Method-Override, Accept-Encoding
Access-Control-Allow-Credentials: true
Cache-Control: no-cache
Pragma: no-cache
Expires: -1
Access-Control-Expose-Headers: Location
Location: http://localhost:3000/jobs/24
X-Content-Type-Options: nosniff
Content-Type: application/json; charset=utf-8
Content-Length: 452
ETag: W/"1c4-YKJjOf+0FIq05jqHGcWlii1RUgg"
Date: Fri, 10 Jan 2025 10:10:32 GMT
Connection: keep-alive
Keep-Alive: timeout=5

{
    "Skill Expected": "C#,Api Automation,Selenium,Automation,Software testing,API,API Testing,Automation testing",
    "Company Name": "Infosys",
    "Salary": "Not disclosed",
    "Experience": "6-10 Yrs",
    "Job Title": "Automation Test Engineer - Selenium, C# with API",
    "Expectation": "Candidate should have good communication skillsSkill : Selenium C# with API. Job Locati...",
    "Location": "Hybrid - Hyderabad, Chennai, Bangalore Pune",
    "id": 24
}
HTTP/1.1 201 Created
X-Powered-By: Express
Vary: Origin, X-HTTP-Method-Override, Accept-Encoding
Access-Control-Allow-Credentials: true
Cache-Control: no-cache
Pragma: no-cache
Expires: -1
Access-Control-Expose-Headers: Location
Location: http://localhost:3000/jobs/25
X-Content-Type-Options: nosniff
Content-Type: application/json; charset=utf-8
Content-Length: 486
ETag: W/"1e6-vFr0+ZbNE1adEQE7M7OCvm14NnQ"
Date: Fri, 10 Jan 2025 10:10:34 GMT
Connection: keep-alive
Keep-Alive: timeout=5

{
    "Skill Expected": "Test Case Creation,Integration Testing,Automation Testing,Regression Testing,Software Testing Life Cycle,Test Planning,Software Testing,Qa Engineering",
    "Company Name": "Infosys",
    "Salary": "6-14 Lacs PA",
    "Experience": "1-3 Yrs",
    "Job Title": "Software Test Engineer- Automation Testing (Selenium)",
    "Expectation": "Looking for a QA/Test Engineer to participate in all stages of the software lifecycle, ...",
    "Location": "Pune(Camp +3)",
    "id": 25
}
HTTP/1.1 201 Created
X-Powered-By: Express
Vary: Origin, X-HTTP-Method-Override, Accept-Encoding
Access-Control-Allow-Credentials: true
Cache-Control: no-cache
Pragma: no-cache
Expires: -1
Access-Control-Expose-Headers: Location
Location: http://localhost:3000/jobs/26
X-Content-Type-Options: nosniff
Content-Type: application/json; charset=utf-8
Content-Length: 457
ETag: W/"1c9-1gnY8gGsEFeZnJccbQQi86xlPxE"
Date: Fri, 10 Jan 2025 10:10:36 GMT
Connection: keep-alive
Keep-Alive: timeout=5

{
    "Skill Expected": "Maven,GIT,Business transformation,Debugging,System integration,Agile,Selenium,Test cases",
    "Company Name": "Infosys",
    "Salary": "Not disclosed",
    "Experience": "3-7 Yrs",
    "Job Title": "Automation Tester-Java Selenium Job",
    "Expectation": "Should be good in understanding Integrated system and derive System Integration test ca...",
    "Location": "Pune, Kolkata, Mumbai, New Delhi, Hyderabad, Chennai, Bengaluru",
    "id": 26
}
HTTP/1.1 201 Created
X-Powered-By: Express
Vary: Origin, X-HTTP-Method-Override, Accept-Encoding
Access-Control-Allow-Credentials: true
Cache-Control: no-cache
Pragma: no-cache
Expires: -1
Access-Control-Expose-Headers: Location
Location: http://localhost:3000/jobs/27
X-Content-Type-Options: nosniff
Content-Type: application/json; charset=utf-8
Content-Length: 462
ETag: W/"1ce-bchxp6T5uoO1kZXVIv4XK9WYE8w"
Date: Fri, 10 Jan 2025 10:10:38 GMT
Connection: keep-alive
Keep-Alive: timeout=5

{
    "Skill Expected": "Administration,Automation,Automation testing,Testing tools,Programming,Selenium,Application software,Enterprise software",
    "Company Name": "Infosys",
    "Salary": "Not disclosed",
    "Experience": "1-3 Yrs",
    "Job Title": "Automation Tester - Selenium",
    "Expectation": "Must possess critical thinking skills in addition to good interpersonal and communicati...",
    "Location": "Pune, Mumbai, Hyderabad, Chennai, Bengaluru",
    "id": 27
}
HTTP/1.1 201 Created
X-Powered-By: Express
Vary: Origin, X-HTTP-Method-Override, Accept-Encoding
Access-Control-Allow-Credentials: true
Cache-Control: no-cache
Pragma: no-cache
Expires: -1
Access-Control-Expose-Headers: Location
Location: http://localhost:3000/jobs/28
X-Content-Type-Options: nosniff
Content-Type: application/json; charset=utf-8
Content-Length: 378
ETag: W/"17a-WLfYozNY3lpyzbImnt17K2yr3QU"
Date: Fri, 10 Jan 2025 10:10:40 GMT
Connection: keep-alive
Keep-Alive: timeout=5

{
    "Skill Expected": "UFT,selenium testing,SOAP TESTING,API,AUTOMATION TESTING,SOAP UI,Selenium Webdriver,Groovy",
    "Company Name": "Infosys",
    "Salary": "5-13 Lacs PA",
    "Experience": "5-10 Yrs",
    "Job Title": "Selenium Tester",
    "Expectation": "Hi, , We have openings with Infosys for Selenium+Java/UFT, Jenkins, SoapUI+Groovy, Ji...",
    "Location": "Pune",
    "id": 28
}
HTTP/1.1 201 Created
X-Powered-By: Express
Vary: Origin, X-HTTP-Method-Override, Accept-Encoding
Access-Control-Allow-Credentials: true
Cache-Control: no-cache
Pragma: no-cache
Expires: -1
Access-Control-Expose-Headers: Location
Location: http://localhost:3000/jobs/29
X-Content-Type-Options: nosniff
Content-Type: application/json; charset=utf-8
Content-Length: 443
ETag: W/"1bb-1hUbhhfCMgfVbnCoUif7Sfk3Zg0"
Date: Fri, 10 Jan 2025 10:10:42 GMT
Connection: keep-alive
Keep-Alive: timeout=5

{
    "Skill Expected": "Computer science,Web application testing,Backend,Test case execution,Functional testing,Integration testing,Regression testing,Selenium",
    "Company Name": "Infosys",
    "Salary": "Not disclosed",
    "Experience": "4-6 Yrs",
    "Job Title": "Automation Tester (Selenium Java)",
    "Expectation": "We are seeking an Automation Tester (Selenium Java) with 4+ years of experience in test...",
    "Location": "Pune",
    "id": 29
}
HTTP/1.1 201 Created
X-Powered-By: Express
Vary: Origin, X-HTTP-Method-Override, Accept-Encoding
Access-Control-Allow-Credentials: true
Cache-Control: no-cache
Pragma: no-cache
Expires: -1
Access-Control-Expose-Headers: Location
Location: http://localhost:3000/jobs/30
X-Content-Type-Options: nosniff
Content-Type: application/json; charset=utf-8
Content-Length: 413
ETag: W/"19d-1zmdNLqQnNg4urqezx83nLhUvwU"
Date: Fri, 10 Jan 2025 10:10:44 GMT
Connection: keep-alive
Keep-Alive: timeout=5

{
    "Skill Expected": "Manager Quality Assurance,GIT,Test scripts,HTTP,Scrum,Agile methodology,Selenium,Test cases",
    "Company Name": "Infosys",
    "Salary": "Not disclosed",
    "Experience": "4-6 Yrs",
    "Job Title": "Automation Tester with Selenium Java Experience",
    "Expectation": "Should have strong experience in Automation Industry Frameworks like BDD, Cucumber / PO...",
    "Location": "Pune",
    "id": 30
}
HTTP/1.1 201 Created
X-Powered-By: Express
Vary: Origin, X-HTTP-Method-Override, Accept-Encoding
Access-Control-Allow-Credentials: true
Cache-Control: no-cache
Pragma: no-cache
Expires: -1
Access-Control-Expose-Headers: Location
Location: http://localhost:3000/jobs/31
X-Content-Type-Options: nosniff
Content-Type: application/json; charset=utf-8
Content-Length: 449
ETag: W/"1c1-LjsV8AyK9UA6z1Tn+ODI8rpKYNQ"
Date: Fri, 10 Jan 2025 10:10:46 GMT
Connection: keep-alive
Keep-Alive: timeout=5

{
    "Skill Expected": "Java Selenium,C#,Selenium Testing,Automation Testing,Selenium Automation,Automation,Selenium Automation Testing,Software testing",
    "Company Name": "Infosys",
    "Salary": "Not disclosed",
    "Experience": "3-5 Yrs",
    "Job Title": "Selenium Automation Tester",
    "Expectation": "Analytical abilities, Strong Technical Skills, Good communication skills Good understan...",
    "Location": "Pune, Chennai, Bengaluru",
    "id": 31
}
HTTP/1.1 201 Created
X-Powered-By: Express
Vary: Origin, X-HTTP-Method-Override, Accept-Encoding
Access-Control-Allow-Credentials: true
Cache-Control: no-cache
Pragma: no-cache
Expires: -1
Access-Control-Expose-Headers: Location
Location: http://localhost:3000/jobs/32
X-Content-Type-Options: nosniff
Content-Type: application/json; charset=utf-8
Content-Length: 440
ETag: W/"1b8-LzB/VGwDd6Z7dKgYuaGC2PU4h5g"
Date: Fri, 10 Jan 2025 10:10:49 GMT
Connection: keep-alive
Keep-Alive: timeout=5

{
    "Skill Expected": "mobile automation testing,machine learning,mobile testing,sdlc,agile methodology,python,project management,data validation",
    "Company Name": "Infosys",
    "Salary": "Not disclosed",
    "Experience": "3-5 Yrs",
    "Job Title": "Python Selenium Automation Testing Engineer",
    "Expectation": "MSc, MTech, MCA, BCA, BSc, Bachelor Of Technology, Bachelor of Engineering . Service Li...",
    "Location": "Pune",
    "id": 32
}
HTTP/1.1 201 Created
X-Powered-By: Express
Vary: Origin, X-HTTP-Method-Override, Accept-Encoding
Access-Control-Allow-Credentials: true
Cache-Control: no-cache
Pragma: no-cache
Expires: -1
Access-Control-Expose-Headers: Location
Location: http://localhost:3000/jobs/33
X-Content-Type-Options: nosniff
Content-Type: application/json; charset=utf-8
Content-Length: 438
ETag: W/"1b6-rUtef7sugqOwiNgrVyEdVxpnmCA"
Date: Fri, 10 Jan 2025 10:10:51 GMT
Connection: keep-alive
Keep-Alive: timeout=5

{
    "Skill Expected": "Java Selenium,C#,Automation Testing,Java,Software testing,Selenium Automation,Selenium Automation Testing,Selenium",
    "Company Name": "Infosys",
    "Salary": "Not disclosed",
    "Experience": "5-10 Yrs",
    "Job Title": "Selenium Automation Tester",
    "Expectation": "Analytical abilities, Strong Technical Skills, Good communication skills Good understan...",
    "Location": "Pune, Hyderabad, Bengaluru",
    "id": 33
}
HTTP/1.1 201 Created
X-Powered-By: Express
Vary: Origin, X-HTTP-Method-Override, Accept-Encoding
Access-Control-Allow-Credentials: true
Cache-Control: no-cache
Pragma: no-cache
Expires: -1
Access-Control-Expose-Headers: Location
Location: http://localhost:3000/jobs/34
X-Content-Type-Options: nosniff
Content-Type: application/json; charset=utf-8
Content-Length: 444
ETag: W/"1bc-zu+mVE06zpitCXFLRrghv1OtMos"
Date: Fri, 10 Jan 2025 10:10:53 GMT
Connection: keep-alive
Keep-Alive: timeout=5

{
    "Skill Expected": "Selenium With Java,Automation Testing,Selenium Automation,Automation,Java Selenium,Selenium,Software testing,Java",
    "Company Name": "Infosys",
    "Salary": "Not disclosed",
    "Experience": "3-8 Yrs",
    "Job Title": "Automation Tester (Java Selenium)-",
    "Expectation": "Analytical abilities, Strong Technical Skills, Good communication skills Good understan...",
    "Location": "Pune, Hyderabad, Bengaluru",
    "id": 34
}
HTTP/1.1 201 Created
X-Powered-By: Express
Vary: Origin, X-HTTP-Method-Override, Accept-Encoding
Access-Control-Allow-Credentials: true
Cache-Control: no-cache
Pragma: no-cache
Expires: -1
Access-Control-Expose-Headers: Location
Location: http://localhost:3000/jobs/35
X-Content-Type-Options: nosniff
Content-Type: application/json; charset=utf-8
Content-Length: 435
ETag: W/"1b3-L6j3j2CIMXzFfUywU+w1tj4Mwfg"
Date: Fri, 10 Jan 2025 10:10:55 GMT
Connection: keep-alive
Keep-Alive: timeout=5

{
    "Skill Expected": "Java,Selenium Webdriver,Automation Testing,Api Automation,Bdd,Rest Assured,Selenium,Automation",
    "Company Name": "Infosys",
    "Salary": "Not disclosed",
    "Experience": "4-8 Yrs",
    "Job Title": "Software Engineer- Automation Testing",
    "Expectation": "Strong experience in Java and Selenium WebDriver; familiarity with JUnit/TestNG and CI/...",
    "Location": "Hybrid - Pune, Chennai, Bengaluru",
    "id": 35
}
HTTP/1.1 201 Created
X-Powered-By: Express
Vary: Origin, X-HTTP-Method-Override, Accept-Encoding
Access-Control-Allow-Credentials: true
Cache-Control: no-cache
Pragma: no-cache
Expires: -1
Access-Control-Expose-Headers: Location
Location: http://localhost:3000/jobs/36
X-Content-Type-Options: nosniff
Content-Type: application/json; charset=utf-8
Content-Length: 405
ETag: W/"195-5ZcUFY24cRxiExtWB4t/R1HVhoE"
Date: Fri, 10 Jan 2025 10:10:57 GMT
Connection: keep-alive
Keep-Alive: timeout=5

{
    "Skill Expected": "C#,SDET,Javascript,Automation Testing,Selenium,Typescript,API Testing,Software testing",
    "Company Name": "Infosys",
    "Salary": "Not disclosed",
    "Experience": "6-11 Yrs",
    "Job Title": "Automation Test Engineer",
    "Expectation": "3+ years hands on working with UI Automation tools like Selenium and modern tools like ...",
    "Location": "Pune, Mumbai, Bengaluru",
    "id": 36
}
HTTP/1.1 201 Created
X-Powered-By: Express
Vary: Origin, X-HTTP-Method-Override, Accept-Encoding
Access-Control-Allow-Credentials: true
Cache-Control: no-cache
Pragma: no-cache
Expires: -1
Access-Control-Expose-Headers: Location
Location: http://localhost:3000/jobs/37
X-Content-Type-Options: nosniff
Content-Type: application/json; charset=utf-8
Content-Length: 443
ETag: W/"1bb-CCF50/9oF/J9mlWaDxHG1OsVins"
Date: Fri, 10 Jan 2025 10:10:59 GMT
Connection: keep-alive
Keep-Alive: timeout=5

{
    "Skill Expected": "Selenium Testing,Automation Testing,Selenium Automation,Automation,Hiring,Selenium,Software testing",
    "Company Name": "Infosys",
    "Salary": "Not disclosed",
    "Experience": "3-8 Yrs",
    "Job Title": "HCL Hiring For Automation Testing-Selenium",
    "Expectation": "Skills-. Test Strategy and Planning - Estimation, Techniques, Testing Types, Test Life ...",
    "Location": "Hybrid - Pune, Noida, Hyderabad",
    "id": 37
}
HTTP/1.1 201 Created
X-Powered-By: Express
Vary: Origin, X-HTTP-Method-Override, Accept-Encoding
Access-Control-Allow-Credentials: true
Cache-Control: no-cache
Pragma: no-cache
Expires: -1
Access-Control-Expose-Headers: Location
Location: http://localhost:3000/jobs/38
X-Content-Type-Options: nosniff
Content-Type: application/json; charset=utf-8
Content-Length: 460
ETag: W/"1cc-x/M60tLBdTGb50Zl2p/7tG0d0Ng"
Date: Fri, 10 Jan 2025 10:11:01 GMT
Connection: keep-alive
Keep-Alive: timeout=5

{
    "Skill Expected": "Selenium Testing,Manual And Automation Testing,Android Testing,Ios Testing,Manual testing,Selenium,Automation,Android",
    "Company Name": "Infosys",
    "Salary": "9.5-19.5 Lacs PA",
    "Experience": "6-10 Yrs",
    "Job Title": "Manual and Automation Test Engineer",
    "Expectation": "Bachelor's or master's degree in computer science; 6-8 years of QA experience; strong k...",
    "Location": "Hybrid - Pune, Chennai, Bengaluru",
    "id": 38
}
HTTP/1.1 201 Created
X-Powered-By: Express
Vary: Origin, X-HTTP-Method-Override, Accept-Encoding
Access-Control-Allow-Credentials: true
Cache-Control: no-cache
Pragma: no-cache
Expires: -1
Access-Control-Expose-Headers: Location
Location: http://localhost:3000/jobs/39
X-Content-Type-Options: nosniff
Content-Type: application/json; charset=utf-8
Content-Length: 417
ETag: W/"1a1-59Xv9ZKYBmhUsAAtsWAwse+BNPI"
Date: Fri, 10 Jan 2025 10:11:03 GMT
Connection: keep-alive
Keep-Alive: timeout=5

{
    "Skill Expected": "Api Automation,Selenium Java,SQL,Uft,Automation testing,Automation,API,Software testing",
    "Company Name": "Infosys",
    "Salary": "9-17 Lacs PA",
    "Experience": "5-10 Yrs",
    "Job Title": "Automation Test Engineer",
    "Expectation": "Role Quality Engineering Lead/Quality Engineering AnalystTechnology Selenium+Java/UFTLa...",
    "Location": "Pune, Bengaluru, Thiruvananthapuram",
    "id": 39
}
HTTP/1.1 201 Created
X-Powered-By: Express
Vary: Origin, X-HTTP-Method-Override, Accept-Encoding
Access-Control-Allow-Credentials: true
Cache-Control: no-cache
Pragma: no-cache
Expires: -1
Access-Control-Expose-Headers: Location
Location: http://localhost:3000/jobs/40
X-Content-Type-Options: nosniff
Content-Type: application/json; charset=utf-8
Content-Length: 425
ETag: W/"1a9-waaaVmCktNl5uDhVy4AKwcI/cAA"
Date: Fri, 10 Jan 2025 10:11:05 GMT
Connection: keep-alive
Keep-Alive: timeout=5

{
    "Skill Expected": "Computer science,Version control,GIT,Test scripts,Agile,Selenium,Test cases,Information technology",
    "Company Name": "Infosys",
    "Salary": "Not disclosed",
    "Experience": "0-5 Yrs",
    "Job Title": "Automation Test Engineer",
    "Expectation": "Bachelor s degree in Computer Science, Information Technology, or a related field . WN ...",
    "Location": "Pune, Noida, Gurugram, Bengaluru",
    "id": 40
}
Passed --> Test Success : TC_004_Run
]]></system-out>
  </testcase>
  <testcase name="TC_005_Run" classname="actionsteps.Driver" time="6.272">
    <system-out><![CDATA[Info --> Test Start : TC_005_Run
Passed --> Email Sent Successfully
Passed --> Test Success : TC_005_Run
]]></system-out>
  </testcase>
</testsuite>