<?xml version="1.0" encoding="UTF-8"?>
<testng-results ignored="0" total="7" passed="7" failed="0" skipped="0">
  <reporter-output>
    <line>
      <![CDATA[Info --> Config VBS File Read Successfully]]>
    </line>
    <line>
      <![CDATA[Info --> Before Test : All Folders Created And Logger]]>
    </line>
    <line>
      <![CDATA[Passed --> Input Jobs And Email Recipient Read Successfully]]>
    </line>
    <line>
      <![CDATA[Passed --> Website nakridotcom launched successfully]]>
    </line>
    <line>
      <![CDATA[Info --> Job Search For : uft automation Pune]]>
    </line>
    <line>
      <![CDATA[Info --> Job Results For uft automation Pune]]>
    </line>
    <line>
      <![CDATA[Passed --> Website nakridotcom launched successfully]]>
    </line>
    <line>
      <![CDATA[Info --> Job Search For : selenium testing Pune]]>
    </line>
    <line>
      <![CDATA[Info --> Job Results For selenium testing Pune]]>
    </line>
    <line>
      <![CDATA[Passed --> Website nakridotcom launched successfully]]>
    </line>
    <line>
      <![CDATA[Info --> Job Search For : pharmacist Pune]]>
    </line>
    <line>
      <![CDATA[Info --> Job Results For pharmacist Pune]]>
    </line>
    <line>
      <![CDATA[Passed --> Job Results Exported To Excel]]>
    </line>
    <line>
      <![CDATA[Info --> Summary Report Format Successfull]]>
    </line>
    <line>
      <![CDATA[Info --> Saving JobReportSummary by local date format]]>
    </line>
    <line>
      <![CDATA[Info --> Saved To E:\SeleniumProjects\NaukriApiMvn1\Automation\TestReport\JobSummaryReport_10-01-2025 15_30_08.xlsx]]>
    </line>
    <line>
      <![CDATA[Passed --> Email Sent Successfully]]>
    </line>
    <line>
      <![CDATA[Info --> After Test : Driver Quit and Log Manager ShutDown]]>
    </line>
    <line>
      <![CDATA[Info --> Execution Ends 2025-01-10T15:32:58.039747400]]>
    </line>
    <line>
      <![CDATA[Info --> System Exit]]>
    </line>
  </reporter-output>
  <suite started-at="2025-01-10T15:30:08 IST" name="Default suite" finished-at="2025-01-10T15:33:00 IST" duration-ms="172253">
    <groups>
      <group name="regression">
        <method signature="Driver.TC_001_Run()[pri:1, instance:actionsteps.Driver@3c46e67a]" name="TC_001_Run" class="actionsteps.Driver"/>
        <method signature="Driver.TC_002_Run(java.lang.String, java.lang.String)[pri:2, instance:actionsteps.Driver@3c46e67a]" name="TC_002_Run" class="actionsteps.Driver"/>
        <method signature="Driver.TC_003_Run()[pri:3, instance:actionsteps.Driver@3c46e67a]" name="TC_003_Run" class="actionsteps.Driver"/>
        <method signature="Driver.TC_004_Run()[pri:4, instance:actionsteps.Driver@3c46e67a]" name="TC_004_Run" class="actionsteps.Driver"/>
        <method signature="Driver.TC_005_Run()[pri:5, instance:actionsteps.Driver@3c46e67a]" name="TC_005_Run" class="actionsteps.Driver"/>
      </group> <!-- regression -->
      <group name="sanity">
        <method signature="Driver.TC_001_Run()[pri:1, instance:actionsteps.Driver@3c46e67a]" name="TC_001_Run" class="actionsteps.Driver"/>
        <method signature="Driver.TC_002_Run(java.lang.String, java.lang.String)[pri:2, instance:actionsteps.Driver@3c46e67a]" name="TC_002_Run" class="actionsteps.Driver"/>
        <method signature="Driver.TC_003_Run()[pri:3, instance:actionsteps.Driver@3c46e67a]" name="TC_003_Run" class="actionsteps.Driver"/>
        <method signature="Driver.TC_004_Run()[pri:4, instance:actionsteps.Driver@3c46e67a]" name="TC_004_Run" class="actionsteps.Driver"/>
        <method signature="Driver.TC_005_Run()[pri:5, instance:actionsteps.Driver@3c46e67a]" name="TC_005_Run" class="actionsteps.Driver"/>
      </group> <!-- sanity -->
    </groups>
    <test started-at="2025-01-10T15:30:08 IST" name="Default test" finished-at="2025-01-10T15:33:00 IST" duration-ms="172253">
      <class name="actionsteps.Driver">
        <test-method is-config="true" signature="TestPreconditions(java.lang.String, java.lang.String)[pri:0, instance:actionsteps.Driver@3c46e67a]" started-at="2025-01-10T15:30:08 IST" name="TestPreconditions" finished-at="2025-01-10T15:30:12 IST" duration-ms="4385" status="PASS">
          <params>
            <param index="0">
              <value is-null="true"/>
            </param>
            <param index="1">
              <value is-null="true"/>
            </param>
          </params>
          <reporter-output>
            <line>
              <![CDATA[Info --> Config VBS File Read Successfully]]>
            </line>
            <line>
              <![CDATA[Info --> Before Test : All Folders Created And Logger]]>
            </line>
          </reporter-output>
        </test-method> <!-- TestPreconditions -->
        <test-method signature="TC_001_Run()[pri:1, instance:actionsteps.Driver@3c46e67a]" started-at="2025-01-10T15:30:12 IST" name="TC_001_Run" finished-at="2025-01-10T15:30:13 IST" duration-ms="250" status="PASS">
          <reporter-output>
            <line>
              <![CDATA[Passed --> Input Jobs And Email Recipient Read Successfully]]>
            </line>
          </reporter-output>
        </test-method> <!-- TC_001_Run -->
        <test-method signature="TC_002_Run(java.lang.String, java.lang.String)[pri:2, instance:actionsteps.Driver@3c46e67a]" started-at="2025-01-10T15:30:13 IST" name="TC_002_Run" data-provider="JobLocationDP" finished-at="2025-01-10T15:30:30 IST" depends-on-methods="actionsteps.Driver.TC_001_Run" duration-ms="17481" status="PASS">
          <params>
            <param index="0">
              <value>
                <![CDATA[uft automation]]>
              </value>
            </param>
            <param index="1">
              <value>
                <![CDATA[Pune]]>
              </value>
            </param>
          </params>
          <reporter-output>
            <line>
              <![CDATA[Passed --> Website nakridotcom launched successfully]]>
            </line>
            <line>
              <![CDATA[Info --> Job Search For : uft automation Pune]]>
            </line>
            <line>
              <![CDATA[Info --> Job Results For uft automation Pune]]>
            </line>
          </reporter-output>
        </test-method> <!-- TC_002_Run -->
        <test-method signature="TC_002_Run(java.lang.String, java.lang.String)[pri:2, instance:actionsteps.Driver@3c46e67a]" started-at="2025-01-10T15:30:30 IST" name="TC_002_Run" data-provider="JobLocationDP" finished-at="2025-01-10T15:30:43 IST" depends-on-methods="actionsteps.Driver.TC_001_Run" duration-ms="12623" status="PASS">
          <params>
            <param index="0">
              <value>
                <![CDATA[selenium testing]]>
              </value>
            </param>
            <param index="1">
              <value>
                <![CDATA[Pune]]>
              </value>
            </param>
          </params>
          <reporter-output>
            <line>
              <![CDATA[Passed --> Website nakridotcom launched successfully]]>
            </line>
            <line>
              <![CDATA[Info --> Job Search For : selenium testing Pune]]>
            </line>
            <line>
              <![CDATA[Info --> Job Results For selenium testing Pune]]>
            </line>
          </reporter-output>
        </test-method> <!-- TC_002_Run -->
        <test-method signature="TC_002_Run(java.lang.String, java.lang.String)[pri:2, instance:actionsteps.Driver@3c46e67a]" started-at="2025-01-10T15:30:43 IST" name="TC_002_Run" data-provider="JobLocationDP" finished-at="2025-01-10T15:30:55 IST" depends-on-methods="actionsteps.Driver.TC_001_Run" duration-ms="12031" status="PASS">
          <params>
            <param index="0">
              <value>
                <![CDATA[pharmacist]]>
              </value>
            </param>
            <param index="1">
              <value>
                <![CDATA[Pune]]>
              </value>
            </param>
          </params>
          <reporter-output>
            <line>
              <![CDATA[Passed --> Website nakridotcom launched successfully]]>
            </line>
            <line>
              <![CDATA[Info --> Job Search For : pharmacist Pune]]>
            </line>
            <line>
              <![CDATA[Info --> Job Results For pharmacist Pune]]>
            </line>
          </reporter-output>
        </test-method> <!-- TC_002_Run -->
        <test-method signature="TC_003_Run()[pri:3, instance:actionsteps.Driver@3c46e67a]" started-at="2025-01-10T15:30:55 IST" name="TC_003_Run" finished-at="2025-01-10T15:31:07 IST" depends-on-methods="actionsteps.Driver.TC_001_Run, actionsteps.Driver.TC_002_Run" duration-ms="11932" status="PASS">
          <reporter-output>
            <line>
              <![CDATA[Passed --> Job Results Exported To Excel]]>
            </line>
            <line>
              <![CDATA[Info --> Summary Report Format Successfull]]>
            </line>
            <line>
              <![CDATA[Info --> Saving JobReportSummary by local date format]]>
            </line>
            <line>
              <![CDATA[Info --> Saved To E:\SeleniumProjects\NaukriApiMvn1\Automation\TestReport\JobSummaryReport_10-01-2025 15_30_08.xlsx]]>
            </line>
          </reporter-output>
        </test-method> <!-- TC_003_Run -->
        <test-method signature="TC_004_Run()[pri:4, instance:actionsteps.Driver@3c46e67a]" started-at="2025-01-10T15:31:07 IST" name="TC_004_Run" finished-at="2025-01-10T15:32:51 IST" depends-on-methods="actionsteps.Driver.TC_001_Run, actionsteps.Driver.TC_002_Run, actionsteps.Driver.TC_003_Run" duration-ms="104518" status="PASS">
          <reporter-output>
          </reporter-output>
        </test-method> <!-- TC_004_Run -->
        <test-method signature="TC_005_Run()[pri:5, instance:actionsteps.Driver@3c46e67a]" started-at="2025-01-10T15:32:51 IST" name="TC_005_Run" finished-at="2025-01-10T15:32:57 IST" depends-on-methods="actionsteps.Driver.TC_001_Run, actionsteps.Driver.TC_002_Run, actionsteps.Driver.TC_003_Run" duration-ms="5962" status="PASS">
          <reporter-output>
            <line>
              <![CDATA[Passed --> Email Sent Successfully]]>
            </line>
          </reporter-output>
        </test-method> <!-- TC_005_Run -->
        <test-method is-config="true" signature="TestPostConditions()[pri:0, instance:actionsteps.Driver@3c46e67a]" started-at="2025-01-10T15:32:57 IST" name="TestPostConditions" finished-at="2025-01-10T15:33:00 IST" duration-ms="3019" status="PASS">
          <reporter-output>
            <line>
              <![CDATA[Info --> After Test : Driver Quit and Log Manager ShutDown]]>
            </line>
            <line>
              <![CDATA[Info --> Execution Ends 2025-01-10T15:32:58.039747400]]>
            </line>
            <line>
              <![CDATA[Info --> System Exit]]>
            </line>
          </reporter-output>
        </test-method> <!-- TestPostConditions -->
      </class> <!-- actionsteps.Driver -->
    </test> <!-- Default test -->
  </suite> <!-- Default suite -->
</testng-results>
