<?xml version="1.0" encoding="UTF-8"?>
<testng-results ignored="0" total="8" passed="8" failed="0" skipped="0">
  <reporter-output>
    <line>
      <![CDATA[Info --> Config VBS File Read Successfully]]>
    </line>
    <line>
      <![CDATA[Info --> Before Test : All Folders Created And Logger]]>
    </line>
    <line>
      <![CDATA[Passed --> Input Jobs Read Successfully]]>
    </line>
    <line>
      <![CDATA[Passed --> Website nakridotcom launched successfully]]>
    </line>
    <line>
      <![CDATA[Info --> Job Search For : uft automation Pune]]>
    </line>
    <line>
      <![CDATA[Info --> Job Results For uft automation Pune]]>
    </line>
    <line>
      <![CDATA[Passed --> Website nakridotcom launched successfully]]>
    </line>
    <line>
      <![CDATA[Info --> Job Search For : insurance Mumbai]]>
    </line>
    <line>
      <![CDATA[Info --> Job Results For insurance Mumbai]]>
    </line>
    <line>
      <![CDATA[Passed --> Website nakridotcom launched successfully]]>
    </line>
    <line>
      <![CDATA[Info --> Job Search For : arts Pune]]>
    </line>
    <line>
      <![CDATA[Info --> Job Results For arts Pune]]>
    </line>
    <line>
      <![CDATA[Passed --> Website nakridotcom launched successfully]]>
    </line>
    <line>
      <![CDATA[Info --> Job Search For : selenium testing Pune]]>
    </line>
    <line>
      <![CDATA[Info --> Job Results For selenium testing Pune]]>
    </line>
    <line>
      <![CDATA[Passed --> Website nakridotcom launched successfully]]>
    </line>
    <line>
      <![CDATA[Info --> Job Search For : pharmacist Pune]]>
    </line>
    <line>
      <![CDATA[Info --> Job Results For pharmacist Pune]]>
    </line>
    <line>
      <![CDATA[Passed --> Job Results Exported To Excel]]>
    </line>
    <line>
      <![CDATA[Info --> Summary Report Format Successfull]]>
    </line>
    <line>
      <![CDATA[Info --> Saving JobReportSummary by local date format]]>
    </line>
    <line>
      <![CDATA[Info --> Saved To E:\SeleniumProjects\NaukriApiMvn1\Automation\TestReport\JobSummaryReport_07-01-2025 19_18_23.xlsx]]>
    </line>
    <line>
      <![CDATA[Info --> After Test : Driver Quit and Log Manager ShutDown]]>
    </line>
    <line>
      <![CDATA[Info --> Execution Ends 2025-01-07T19:22:48.886033200]]>
    </line>
    <line>
      <![CDATA[Info --> System Exit]]>
    </line>
  </reporter-output>
  <suite started-at="2025-01-07T19:18:23 IST" name="Default suite" finished-at="2025-01-07T19:22:51 IST" duration-ms="267469">
    <groups>
      <group name="regression">
        <method signature="Driver.TC_001_Run()[pri:1, instance:actionsteps.Driver@40a4337a]" name="TC_001_Run" class="actionsteps.Driver"/>
        <method signature="Driver.TC_002_Run(java.lang.String, java.lang.String)[pri:2, instance:actionsteps.Driver@40a4337a]" name="TC_002_Run" class="actionsteps.Driver"/>
        <method signature="Driver.TC_003_Run()[pri:3, instance:actionsteps.Driver@40a4337a]" name="TC_003_Run" class="actionsteps.Driver"/>
        <method signature="Driver.TC_004_Run()[pri:4, instance:actionsteps.Driver@40a4337a]" name="TC_004_Run" class="actionsteps.Driver"/>
      </group> <!-- regression -->
      <group name="sanity">
        <method signature="Driver.TC_001_Run()[pri:1, instance:actionsteps.Driver@40a4337a]" name="TC_001_Run" class="actionsteps.Driver"/>
        <method signature="Driver.TC_002_Run(java.lang.String, java.lang.String)[pri:2, instance:actionsteps.Driver@40a4337a]" name="TC_002_Run" class="actionsteps.Driver"/>
        <method signature="Driver.TC_003_Run()[pri:3, instance:actionsteps.Driver@40a4337a]" name="TC_003_Run" class="actionsteps.Driver"/>
        <method signature="Driver.TC_004_Run()[pri:4, instance:actionsteps.Driver@40a4337a]" name="TC_004_Run" class="actionsteps.Driver"/>
      </group> <!-- sanity -->
    </groups>
    <test started-at="2025-01-07T19:18:23 IST" name="Default test" finished-at="2025-01-07T19:22:51 IST" duration-ms="267469">
      <class name="actionsteps.Driver">
        <test-method is-config="true" signature="TestPreconditions(java.lang.String, java.lang.String)[pri:0, instance:actionsteps.Driver@40a4337a]" started-at="2025-01-07T19:18:23 IST" name="TestPreconditions" finished-at="2025-01-07T19:18:31 IST" duration-ms="8357" status="PASS">
          <params>
            <param index="0">
              <value is-null="true"/>
            </param>
            <param index="1">
              <value is-null="true"/>
            </param>
          </params>
          <reporter-output>
            <line>
              <![CDATA[Info --> Config VBS File Read Successfully]]>
            </line>
            <line>
              <![CDATA[Info --> Before Test : All Folders Created And Logger]]>
            </line>
          </reporter-output>
        </test-method> <!-- TestPreconditions -->
        <test-method signature="TC_001_Run()[pri:1, instance:actionsteps.Driver@40a4337a]" started-at="2025-01-07T19:18:32 IST" name="TC_001_Run" finished-at="2025-01-07T19:18:32 IST" duration-ms="267" status="PASS">
          <reporter-output>
            <line>
              <![CDATA[Passed --> Input Jobs Read Successfully]]>
            </line>
          </reporter-output>
        </test-method> <!-- TC_001_Run -->
        <test-method signature="TC_002_Run(java.lang.String, java.lang.String)[pri:2, instance:actionsteps.Driver@40a4337a]" started-at="2025-01-07T19:18:32 IST" name="TC_002_Run" data-provider="JobLocationDP" finished-at="2025-01-07T19:18:52 IST" depends-on-methods="actionsteps.Driver.TC_001_Run" duration-ms="19789" status="PASS">
          <params>
            <param index="0">
              <value>
                <![CDATA[uft automation]]>
              </value>
            </param>
            <param index="1">
              <value>
                <![CDATA[Pune]]>
              </value>
            </param>
          </params>
          <reporter-output>
            <line>
              <![CDATA[Passed --> Website nakridotcom launched successfully]]>
            </line>
            <line>
              <![CDATA[Info --> Job Search For : uft automation Pune]]>
            </line>
            <line>
              <![CDATA[Info --> Job Results For uft automation Pune]]>
            </line>
          </reporter-output>
        </test-method> <!-- TC_002_Run -->
        <test-method signature="TC_002_Run(java.lang.String, java.lang.String)[pri:2, instance:actionsteps.Driver@40a4337a]" started-at="2025-01-07T19:18:52 IST" name="TC_002_Run" data-provider="JobLocationDP" finished-at="2025-01-07T19:19:00 IST" depends-on-methods="actionsteps.Driver.TC_001_Run" duration-ms="8705" status="PASS">
          <params>
            <param index="0">
              <value>
                <![CDATA[insurance]]>
              </value>
            </param>
            <param index="1">
              <value>
                <![CDATA[Mumbai]]>
              </value>
            </param>
          </params>
          <reporter-output>
            <line>
              <![CDATA[Passed --> Website nakridotcom launched successfully]]>
            </line>
            <line>
              <![CDATA[Info --> Job Search For : insurance Mumbai]]>
            </line>
            <line>
              <![CDATA[Info --> Job Results For insurance Mumbai]]>
            </line>
          </reporter-output>
        </test-method> <!-- TC_002_Run -->
        <test-method signature="TC_002_Run(java.lang.String, java.lang.String)[pri:2, instance:actionsteps.Driver@40a4337a]" started-at="2025-01-07T19:19:00 IST" name="TC_002_Run" data-provider="JobLocationDP" finished-at="2025-01-07T19:19:08 IST" depends-on-methods="actionsteps.Driver.TC_001_Run" duration-ms="8047" status="PASS">
          <params>
            <param index="0">
              <value>
                <![CDATA[arts]]>
              </value>
            </param>
            <param index="1">
              <value>
                <![CDATA[Pune]]>
              </value>
            </param>
          </params>
          <reporter-output>
            <line>
              <![CDATA[Passed --> Website nakridotcom launched successfully]]>
            </line>
            <line>
              <![CDATA[Info --> Job Search For : arts Pune]]>
            </line>
            <line>
              <![CDATA[Info --> Job Results For arts Pune]]>
            </line>
          </reporter-output>
        </test-method> <!-- TC_002_Run -->
        <test-method signature="TC_002_Run(java.lang.String, java.lang.String)[pri:2, instance:actionsteps.Driver@40a4337a]" started-at="2025-01-07T19:19:08 IST" name="TC_002_Run" data-provider="JobLocationDP" finished-at="2025-01-07T19:19:16 IST" depends-on-methods="actionsteps.Driver.TC_001_Run" duration-ms="7945" status="PASS">
          <params>
            <param index="0">
              <value>
                <![CDATA[selenium testing]]>
              </value>
            </param>
            <param index="1">
              <value>
                <![CDATA[Pune]]>
              </value>
            </param>
          </params>
          <reporter-output>
            <line>
              <![CDATA[Passed --> Website nakridotcom launched successfully]]>
            </line>
            <line>
              <![CDATA[Info --> Job Search For : selenium testing Pune]]>
            </line>
            <line>
              <![CDATA[Info --> Job Results For selenium testing Pune]]>
            </line>
          </reporter-output>
        </test-method> <!-- TC_002_Run -->
        <test-method signature="TC_002_Run(java.lang.String, java.lang.String)[pri:2, instance:actionsteps.Driver@40a4337a]" started-at="2025-01-07T19:19:16 IST" name="TC_002_Run" data-provider="JobLocationDP" finished-at="2025-01-07T19:19:24 IST" depends-on-methods="actionsteps.Driver.TC_001_Run" duration-ms="8083" status="PASS">
          <params>
            <param index="0">
              <value>
                <![CDATA[pharmacist]]>
              </value>
            </param>
            <param index="1">
              <value>
                <![CDATA[Pune]]>
              </value>
            </param>
          </params>
          <reporter-output>
            <line>
              <![CDATA[Passed --> Website nakridotcom launched successfully]]>
            </line>
            <line>
              <![CDATA[Info --> Job Search For : pharmacist Pune]]>
            </line>
            <line>
              <![CDATA[Info --> Job Results For pharmacist Pune]]>
            </line>
          </reporter-output>
        </test-method> <!-- TC_002_Run -->
        <test-method signature="TC_003_Run()[pri:3, instance:actionsteps.Driver@40a4337a]" started-at="2025-01-07T19:19:24 IST" name="TC_003_Run" finished-at="2025-01-07T19:19:36 IST" depends-on-methods="actionsteps.Driver.TC_001_Run, actionsteps.Driver.TC_002_Run" duration-ms="11672" status="PASS">
          <reporter-output>
            <line>
              <![CDATA[Passed --> Job Results Exported To Excel]]>
            </line>
            <line>
              <![CDATA[Info --> Summary Report Format Successfull]]>
            </line>
            <line>
              <![CDATA[Info --> Saving JobReportSummary by local date format]]>
            </line>
            <line>
              <![CDATA[Info --> Saved To E:\SeleniumProjects\NaukriApiMvn1\Automation\TestReport\JobSummaryReport_07-01-2025 19_18_23.xlsx]]>
            </line>
          </reporter-output>
        </test-method> <!-- TC_003_Run -->
        <test-method signature="TC_004_Run()[pri:4, instance:actionsteps.Driver@40a4337a]" started-at="2025-01-07T19:19:36 IST" name="TC_004_Run" finished-at="2025-01-07T19:22:48 IST" depends-on-methods="actionsteps.Driver.TC_001_Run, actionsteps.Driver.TC_002_Run, actionsteps.Driver.TC_003_Run" duration-ms="191809" status="PASS">
          <reporter-output>
          </reporter-output>
        </test-method> <!-- TC_004_Run -->
        <test-method is-config="true" signature="TestPostConditions()[pri:0, instance:actionsteps.Driver@40a4337a]" started-at="2025-01-07T19:22:48 IST" name="TestPostConditions" finished-at="2025-01-07T19:22:51 IST" duration-ms="2741" status="PASS">
          <reporter-output>
            <line>
              <![CDATA[Info --> After Test : Driver Quit and Log Manager ShutDown]]>
            </line>
            <line>
              <![CDATA[Info --> Execution Ends 2025-01-07T19:22:48.886033200]]>
            </line>
            <line>
              <![CDATA[Info --> System Exit]]>
            </line>
          </reporter-output>
        </test-method> <!-- TestPostConditions -->
      </class> <!-- actionsteps.Driver -->
    </test> <!-- Default test -->
  </suite> <!-- Default suite -->
</testng-results>
